<?xml version="1.0" encoding="UTF-8"?>
<!-- Generated by org.testng.reporters.JUnitReportReporter -->
<testsuite hostname="DESKTOP-GUBI5P6" failures="0" tests="11" name="AppTest" time="69.229" errors="0" timestamp="2025-06-23T00:23:27 GMT+03:00" skipped="0">
  <testcase classname="AppTest" name="HomepageLoadsSuccessfully" time="4.078"/>
  <system-out/>
  <testcase classname="AppTest" name="FooterLinks" time="2.762"/>
  <system-out/>
  <testcase classname="AppTest" name="RegistrationFormValidation" time="6.734"/>
  <system-out/>
  <testcase classname="AppTest" name="SignIn" time="6.664"/>
  <system-out/>
  <testcase classname="AppTest" name="LoginWithInvalidData" time="3.362"/>
  <system-out/>
  <testcase classname="AppTest" name="LoginWithIncorrectData" time="2.599"/>
  <system-out/>
  <testcase classname="AppTest" name="Login" time="6.662"/>
  <system-out/>
  <testcase classname="AppTest" name="AddProductToCart" time="12.804"/>
  <system-out/>
  <testcase classname="AppTest" name="CheckOutNavigation" time="7.291"/>
  <system-out/>
  <testcase classname="AppTest" name="RemoveItemFromCart" time="6.801"/>
  <system-out/>
  <testcase classname="AppTest" name="LogOut" time="9.472"/>
  <system-out/>
</testsuite> <!-- AppTest -->
